[Licensing::Module] Trying to connect to existing licensing client channel...
Built from '6000.2/staging' branch; Version is '6000.2.9f1 (e0c4e791ab71) revision 14730471'; Using compiler version '194234433'; Build Type 'Release'
[Licensing::IpcConnector] Channel LicenseClient-deleon.mackdonald doesn't exist
OS: 'Windows 11  (10.0.26100) 64bit Professional' Language: 'pt' Physical Memory: 16122 MB
BatchMode: 0, IsHumanControllingUs: 1, StartBugReporterOnCrash: 1, Is64bit: 1
Date: 2025-10-24T20:04:22Z

COMMAND LINE ARGUMENTS:
C:\Program Files\Unity\Hub\Editor\6000.2.9f1\Editor\Unity.exe
-projectPath
.
-logFile
unity_output.log
Successfully changed project path to: C:/Users/deleon.mackdonald/Downloads/Jogo_2025-10-24_19-46-33
C:/Users/deleon.mackdonald/Downloads/Jogo_2025-10-24_19-46-33
[UnityMemory] Configuration Parameters - Can be set up in boot.config
    "memorysetup-allocator-temp-initial-block-size-main=262144"
    "memorysetup-allocator-temp-initial-block-size-worker=262144"
    "memorysetup-bucket-allocator-granularity=16"
    "memorysetup-bucket-allocator-bucket-count=8"
    "memorysetup-bucket-allocator-block-size=33554432"
    "memorysetup-bucket-allocator-block-count=8"
    "memorysetup-main-allocator-block-size=16777216"
    "memorysetup-thread-allocator-block-size=16777216"
    "memorysetup-gfx-main-allocator-block-size=16777216"
    "memorysetup-gfx-thread-allocator-block-size=16777216"
    "memorysetup-cache-allocator-block-size=4194304"
    "memorysetup-typetree-allocator-block-size=2097152"
    "memorysetup-profiler-bucket-allocator-granularity=16"
    "memorysetup-profiler-bucket-allocator-bucket-count=8"
    "memorysetup-profiler-bucket-allocator-block-size=33554432"
    "memorysetup-profiler-bucket-allocator-block-count=8"
    "memorysetup-profiler-allocator-block-size=16777216"
    "memorysetup-profiler-editor-allocator-block-size=1048576"
    "memorysetup-temp-allocator-size-main=16777216"
    "memorysetup-job-temp-allocator-block-size=2097152"
    "memorysetup-job-temp-allocator-block-size-background=1048576"
    "memorysetup-job-temp-allocator-reduction-small-platforms=262144"
    "memorysetup-temp-allocator-size-background-worker=32768"
    "memorysetup-temp-allocator-size-job-worker=262144"
    "memorysetup-temp-allocator-size-preload-manager=33554432"
    "memorysetup-temp-allocator-size-nav-mesh-worker=65536"
    "memorysetup-temp-allocator-size-audio-worker=65536"
    "memorysetup-temp-allocator-size-cloud-worker=32768"
    "memorysetup-temp-allocator-size-gi-baking-worker=262144"
    "memorysetup-temp-allocator-size-gi-baking-worker=262144"
    "memorysetup-temp-allocator-size-gi-baking-worker=262144"
    "memorysetup-temp-allocator-size-gi-baking-worker=262144"
    "memorysetup-temp-allocator-size-gi-baking-worker=262144"
    "memorysetup-temp-allocator-size-gfx=262144"
Player connection [20988]  Target information:

Player connection [20988]  * "[IP] 172.30.112.1 [Port] 55504 [Flags] 2 [Guid] 603146793 [EditorId] 603146793 [Version] 1048832 [Id] WindowsEditor(7,DESKTOP-H3PEBDS) [Debug] 1 [PackageName] WindowsEditor [ProjectName] Editor" 

Player connection [20988]  * "[IP] 192.168.0.15 [Port] 55504 [Flags] 2 [Guid] 603146793 [EditorId] 603146793 [Version] 1048832 [Id] WindowsEditor(7,DESKTOP-H3PEBDS) [Debug] 1 [PackageName] WindowsEditor [ProjectName] Editor" 

Player connection [20988] Host joined multi-casting on [225.0.0.222:54997]...
Player connection [20988] Host joined alternative multi-casting on [225.0.0.222:34997]...
Input System module state changed to: Initialized.
[Physics::Module] Initialized fallback backend.
[Physics::Module] Id: 0xdecafbad
[Licensing::Module] Successfully launched the LicensingClient (PId: 22048)
[Package Manager] Connected to IPC stream "Upm-21524" after 1.1 seconds.
Library Redirect Path: Library/
Rebuilding Library because the metadata folder could not be found!
[Physics::Module] Selected backend.
[Physics::Module] Name: PhysX
[Physics::Module] Id: 0xf2b8ea05
[Physics::Module] SDK Version: 4.1.2
[Physics::Module] Integration Version: 1.0.0
[Physics::Module] Threading Mode: Multi-Threaded
Refreshing native plugins compatible for Editor in 0.00 ms, found 0 plugins.
Preloading 0 native plugins for Editor in 0.00 ms.
Initialize engine version: 6000.2.9f1 (e0c4e791ab71)
[Subsystems] Discovering subsystems at path C:/Program Files/Unity/Hub/Editor/6000.2.9f1/Editor/Data/Resources/UnitySubsystems
[Subsystems] Discovering subsystems at path C:/Users/deleon.mackdonald/Downloads/Jogo_2025-10-24_19-46-33/Assets
[D3D12 Device Filter] Vendor Name: Microsoft
[D3D12 Device Filter] Device Name: Microsoft Basic Render Driver
[D3D12 Device Filter] Driver Version: 10.0.26100.6725
[D3D12 Device Filter] Feature Level: 12.1
[D3D12 Device Filter] Graphics Memory: 8061 MB
[D3D12 Device Filter] Processor Count: 8
[D3D12 Device Filter] Device Type: Integrated
GfxDevice: creating device client; kGfxThreadingModeThreaded
Direct3D:
    Version:  Direct3D 11.0 [level 11.1]
    Renderer: Microsoft Basic Render Driver (ID=0x8c)
    Vendor:   Microsoft
    VRAM:     8061 MB
Initialize mono
Mono path[0] = 'C:/Program Files/Unity/Hub/Editor/6000.2.9f1/Editor/Data/Managed'
Mono path[1] = 'C:/Program Files/Unity/Hub/Editor/6000.2.9f1/Editor/Data/MonoBleedingEdge/lib/mono/unityjit-win32'
Mono config path = 'C:/Program Files/Unity/Hub/Editor/6000.2.9f1/Editor/Data/MonoBleedingEdge/etc'
Using monoOptions --debugger-agent=transport=dt_socket,embedding=1,server=y,suspend=n,address=127.0.0.1:56524
Using cacheserver namespaces - metadata:defaultmetadata, artifacts:defaultartifacts
Using cacheserver namespaces - metadata:defaultmetadata, artifacts:defaultartifacts
ImportWorker Server TCP listen port: 0
AcceleratorClientConnectionCallback - disconnected - :0
Begin MonoManager ReloadAssembly
Registering precompiled unity dll's ...
Register platform support module: C:/Program Files/Unity/Hub/Editor/6000.2.9f1/Editor/Data/PlaybackEngines/WindowsStandaloneSupport/UnityEditor.WindowsStandalone.Extensions.dll
Registered in 0.003962 seconds.
- Loaded All Assemblies, in  1.144 seconds
Native extension for WindowsStandalone target not found
Package Manager log level set to [2]
Mono: successfully reloaded assembly
- Finished resetting the current domain, in  1.174 seconds
Domain Reload Profiling: 2312ms
	BeginReloadAssembly (387ms)
		ExecutionOrderSort (0ms)
		DisableScriptedObjects (0ms)
		BackupInstance (0ms)
		ReleaseScriptingObjects (0ms)
		CreateAndSetChildDomain (3ms)
	RebuildCommonClasses (101ms)
	RebuildNativeTypeToScriptingClass (29ms)
	initialDomainReloadingComplete (143ms)
	LoadAllAssembliesAndSetupDomain (476ms)
		LoadAssemblies (374ms)
		RebuildTransferFunctionScriptingTraits (0ms)
		AnalyzeDomain (465ms)
			TypeCache.Refresh (462ms)
				TypeCache.ScanAssembly (421ms)
			BuildScriptInfoCaches (0ms)
			ResolveRequiredComponents (2ms)
	FinalizeReload (1176ms)
		ReleaseScriptCaches (0ms)
		RebuildScriptCaches (0ms)
		SetupLoadedEditorAssemblies (1040ms)
			LogAssemblyErrors (0ms)
			InitializePlatformSupportModulesInManaged (164ms)
			SetLoadedEditorAssemblies (12ms)
			BeforeProcessingInitializeOnLoad (235ms)
			ProcessInitializeOnLoadAttributes (394ms)
			ProcessInitializeOnLoadMethodAttributes (233ms)
			AfterProcessingInitializeOnLoad (0ms)
			EditorAssembliesLoaded (3ms)
		ExecutionOrderSort2 (0ms)
		AwakeInstancesAfterBackupRestoration (0ms)
[Licensing::Module] Licensing is not yet initialized.
[Licensing::IpcConnector] Successfully connected to: "LicenseClient-deleon.mackdonald" at "2025-10-24T20:04:32.8167819Z"
[Licensing::Client] Code 10 while verifying Licensing Client signature (process Id: 22048, path: "C:/Program Files/Unity/Hub/Editor/6000.2.9f1/Editor/Data/Resources/Licensing/Client/Unity.Licensing.Client.exe")
[Licensing::Module] LicensingClient has failed validation; ignoring
[Licensing::Client] Handshaking with LicensingClient:
  Version:                 1.17.2+ff71f16
  Session Id:              de9bc3d6eb62410590586c5861492bc1
  Correlation Id:          e15286ea8e7ef654ae5a7abb393c3bf9
  External correlation Id: 2195765035095377808
  Machine Id:              IA17TjbCT6pFf4N6nGZ2n9QPmco=
[Licensing::Module] Successfully connected to LicensingClient on channel: "LicenseClient-deleon.mackdonald" (connect: 9.84s, validation: 0.82s, handshake: 0.07s)
[Licensing::IpcConnector] Successfully connected to: "LicenseClient-deleon.mackdonald-notifications" at "2025-10-24T20:04:33.7135548Z"
[Licensing::Module] Connected to LicensingClient (PId: 22048, launch time: 0.18, total connection time: 10.74s)
[Licensing::Module] Error: Access token is unavailable; failed to update
[Licensing::Client] Successfully resolved entitlement details
[Licensing::Module] License group:
  Id: 4674136136018-UnityPersXXXX
  Product: Unity Personal
  Type: Assigned
  Expiration: Unlimited
[Licensing::Client] Successfully updated license, isAsync: True, time: 0.03
[Licensing::Client] Successfully resolved entitlement details
[Licensing::Module] Licensing Background thread has ended after 11.23s
[Licensing::Module] Licensing is initialized (took 6.19s).
[Licensing::Client] Successfully resolved entitlement details
Application.AssetDatabase Initial Refresh Start
[Package Manager] The file [C:\Users\deleon.mackdonald\Downloads\Jogo_2025-10-24_19-46-33\Packages\manifest.json] is not valid JSON:
  Non-whitespace before {[.
  Line: 1
  Column: 1
  Char: 65279
[Package Manager] The file [C:\Users\deleon.mackdonald\Downloads\Jogo_2025-10-24_19-46-33\Packages\manifest.json] is not valid JSON:
  Non-whitespace before {[.
  Line: 1
  Column: 1
  Char: 65279
[Package Manager] The file [C:\Users\deleon.mackdonald\Downloads\Jogo_2025-10-24_19-46-33\Packages\manifest.json] is not valid JSON:
  Non-whitespace before {[.
  Line: 1
  Column: 1
  Char: 65279
[Package Manager] Done resolving packages with errors in 0.07 seconds
Failed to resolve packages: The file [C:\Users\deleon.mackdonald\Downloads\Jogo_2025-10-24_19-46-33\Packages\manifest.json] is not valid JSON:
  Non-whitespace before {[.
  Line: 1
  Column: 1
  Char: 65279. No packages loaded.
Exiting without the bug reporter. Application will terminate with return code 1